<?xml version="1.0" encoding="UTF-8"?><testrun name="TestRunner" project="E-CommmerceAppTestingApacheUsingCucumber" tests="1" started="1" failures="0" errors="1" ignored="0">
  <testsuite name="Runner.TestRunner" time="0.159">
    <testsuite name="AddToCartPage" time="0.159">
      <testcase name="Add a product to the cart" classname="AddToCartPage" time="0.159">
        <error>io.cucumber.junit.UndefinedStepException: The step 'user navigates to website' and 4 other step(s) are undefined.
You can implement these steps using the snippet(s) below:

@Given("user navigates to website")
public void user_navigates_to_website() {
    // Write code here that turns the phrase above into concrete actions
    throw new io.cucumber.java.PendingException();
}
@When("user clicks on add to cart")
public void user_clicks_on_add_to_cart() {
    // Write code here that turns the phrase above into concrete actions
    throw new io.cucumber.java.PendingException();
}
@Then("user click on Check Out button")
public void user_click_on_check_out_button() {
    // Write code here that turns the phrase above into concrete actions
    throw new io.cucumber.java.PendingException();
}
@Then("user fills billing Address")
public void user_fills_billing_address() {
    // Write code here that turns the phrase above into concrete actions
    throw new io.cucumber.java.PendingException();
}
@Then("user clicks on proceed button")
public void user_clicks_on_proceed_button() {
    // Write code here that turns the phrase above into concrete actions
    throw new io.cucumber.java.PendingException();
}
&#13;
&#13;
</error>
      </testcase>
    </testsuite>
  </testsuite>
</testrun>
