<?xml version="1.0" encoding="UTF-8"?>
<testng-results ignored="0" total="3" passed="3" failed="0" skipped="0">
  <reporter-output>
  </reporter-output>
  <suite started-at="2024-08-16T10:25:01 IST" name="Default suite" finished-at="2024-08-16T10:25:04 IST" duration-ms="2859">
    <groups>
    </groups>
    <test started-at="2024-08-16T10:25:01 IST" name="Default test" finished-at="2024-08-16T10:25:04 IST" duration-ms="2859">
      <class name="com.simplilearn.APIAytomationProject.project2validationStatusCode">
        <test-method signature="getRequest()[pri:0, instance:com.simplilearn.APIAytomationProject.project2validationStatusCode@2fd1731c]" started-at="2024-08-16T10:25:01 IST" name="getRequest" finished-at="2024-08-16T10:25:03 IST" duration-ms="2123" status="PASS">
          <reporter-output>
          </reporter-output>
        </test-method> <!-- getRequest -->
        <test-method signature="postRequest()[pri:0, instance:com.simplilearn.APIAytomationProject.project2validationStatusCode@2fd1731c]" started-at="2024-08-16T10:25:03 IST" name="postRequest" finished-at="2024-08-16T10:25:04 IST" duration-ms="513" status="PASS">
          <reporter-output>
          </reporter-output>
        </test-method> <!-- postRequest -->
        <test-method signature="test()[pri:0, instance:com.simplilearn.APIAytomationProject.project2validationStatusCode@2fd1731c]" started-at="2024-08-16T10:25:04 IST" name="test" finished-at="2024-08-16T10:25:04 IST" duration-ms="189" status="PASS">
          <reporter-output>
          </reporter-output>
        </test-method> <!-- test -->
      </class> <!-- com.simplilearn.APIAytomationProject.project2validationStatusCode -->
    </test> <!-- Default test -->
  </suite> <!-- Default suite -->
</testng-results>
