<?xml version="1.0" encoding="UTF-8"?>
<testsuite xmlns:xsi="http://www.w3.org/2001/XMLSchema-instance" xsi:noNamespaceSchemaLocation="https://maven.apache.org/surefire/maven-surefire-plugin/xsd/surefire-test-report.xsd" version="3.0.1" name="TestSuite" time="9.001" tests="1" errors="0" skipped="0" failures="0">
  <properties>
[...]
</properties>
  <testcase name="tc1[local](1)" classname="com.simplilearn.docker_selenium.TestClass2" time="8.719">
    <system-out><![CDATA[
===============================================
    Test1
    Tests run: 0, Failures: 0, Skips: 0
===============================================

[TestRunner] Starting executor for test Grp with time out:2147483647 milliseconds.
]]></system-out>
    <system-err><![CDATA[Jul 10, 2024 1:50:06 PM org.openqa.selenium.remote.ProtocolHandshake createSession
INFO: Detected dialect: W3C
]]></system-err>
  </testcase>
</testsuite>