<?xml version="1.0" encoding="UTF-8"?>
<testsuite xmlns:xsi="http://www.w3.org/2001/XMLSchema-instance" xsi:noNamespaceSchemaLocation="https://maven.apache.org/surefire/maven-surefire-plugin/xsd/surefire-test-report-3.0.xsd" version="3.0" name="TestSuite" time="9.706" tests="10" errors="0" skipped="0" failures="0">
  <properties>
[...]
</properties>
  <testcase name="test" classname="com.simplilearn.RestAssuredAPI.TestPatch" time="1.985">
    <system-out><![CDATA[HTTP/1.1 200 OK
Date: Sun, 09 Jun 2024 16:24:52 GMT
Content-Type: application/json; charset=utf-8
Transfer-Encoding: chunked
Connection: keep-alive
Report-To: {"group":"heroku-nel","max_age":3600,"endpoints":[{"url":"https://nel.heroku.com/reports?ts=1717950292&sid=c4c9725f-1ab0-44d8-820f-430df2718e11&s=usvh53JHZIKRwMGpxwiSSJi6ZhJHfsqgt6C%2FCllc3VI%3D"}]}
Reporting-Endpoints: heroku-nel=https://nel.heroku.com/reports?ts=1717950292&sid=c4c9725f-1ab0-44d8-820f-430df2718e11&s=usvh53JHZIKRwMGpxwiSSJi6ZhJHfsqgt6C%2FCllc3VI%3D
Nel: {"report_to":"heroku-nel","max_age":3600,"success_fraction":0.005,"failure_fraction":0.05,"response_headers":["Via"]}
X-Powered-By: Express
Access-Control-Allow-Origin: *
Etag: W/"45-treZNwpLg251bGXUSPKQnYau5Tg"
Via: 1.1 vegur
CF-Cache-Status: DYNAMIC
Server: cloudflare
CF-RAY: 8912796daefa4832-BOM
Content-Encoding: gzip

{
    "name": "souvik",
    "job": "SDET",
    "updatedAt": "2024-06-09T16:24:52.326Z"
}
]]></system-out>
    <system-err><![CDATA[SLF4J: Failed to load class "org.slf4j.impl.StaticLoggerBinder".
SLF4J: Defaulting to no-operation (NOP) logger implementation
SLF4J: See http://www.slf4j.org/codes.html#StaticLoggerBinder for further details.
]]></system-err>
  </testcase>
  <testcase name="DigestAuth" classname="com.simplilearn.RestAssuredAPI.Test_Delete" time="2.669">
    <system-out><![CDATA[200
Response Body {
  "authenticated": true, 
  "user": "souvik"
}

]]></system-out>
  </testcase>
  <testcase name="GetSingleUser" classname="com.simplilearn.RestAssuredAPI.Test_Delete" time="0.196">
    <system-out><![CDATA[HTTP/1.1 200 OK
]]></system-out>
  </testcase>
  <testcase name="GetSingleUserUsingValidatableResponse" classname="com.simplilearn.RestAssuredAPI.Test_Delete" time="1.209"/>
  <testcase name="GetSingleUser_BDD" classname="com.simplilearn.RestAssuredAPI.Test_Delete" time="0.001"/>
  <testcase name="Test" classname="com.simplilearn.RestAssuredAPI.Test_Delete" time="0.516">
    <system-out><![CDATA[HTTP/1.1 204 No Content
Date: Sun, 09 Jun 2024 16:24:57 GMT
Content-Length: 0
Connection: keep-alive
Report-To: {"group":"heroku-nel","max_age":3600,"endpoints":[{"url":"https://nel.heroku.com/reports?ts=1717950297&sid=c4c9725f-1ab0-44d8-820f-430df2718e11&s=T%2BJS95CZV03Gy25lawUMX2H53EvcgLDSkcwpDxPmNs4%3D"}]}
Reporting-Endpoints: heroku-nel=https://nel.heroku.com/reports?ts=1717950297&sid=c4c9725f-1ab0-44d8-820f-430df2718e11&s=T%2BJS95CZV03Gy25lawUMX2H53EvcgLDSkcwpDxPmNs4%3D
Nel: {"report_to":"heroku-nel","max_age":3600,"success_fraction":0.005,"failure_fraction":0.05,"response_headers":["Via"]}
X-Powered-By: Express
Access-Control-Allow-Origin: *
Etag: W/"2-vyGp6PvFo4RvsFtPoIWeCReyIC8"
Via: 1.1 vegur
CF-Cache-Status: DYNAMIC
Server: cloudflare
CF-RAY: 8912798b0ac23b2b-BOM
]]></system-out>
  </testcase>
  <testcase name="basicAuth" classname="com.simplilearn.RestAssuredAPI.Test_Delete" time="0.848">
    <system-out><![CDATA[Response SStatus HTTP/1.1 200 OK
]]></system-out>
  </testcase>
  <testcase name="testWeather" classname="com.simplilearn.RestAssuredAPI.Test_Delete" time="0.732">
    <system-out><![CDATA[Request method:	GET
Request URI:	https://api.openweathermap.org/data/2.5/weather?lat=44&lon=33&appid=f8bafdff5f20debe0bc8217ee86ae1fa
Proxy:			<none>
Request params:	<none>
Query params:	lat=44
				lon=33
				appid=f8bafdff5f20debe0bc8217ee86ae1fa
Form params:	<none>
Path params:	<none>
Headers:		Accept=*/*
Cookies:		<none>
Multiparts:		<none>
Body:			<none>
200
Response Body {"coord":{"lon":33,"lat":44},"weather":[{"id":802,"main":"Clouds","description":"scattered clouds","icon":"03d"}],"base":"stations","main":{"temp":296.08,"feels_like":296.31,"temp_min":296.08,"temp_max":296.08,"pressure":1011,"humidity":72,"sea_level":1011,"grnd_level":1011},"visibility":10000,"wind":{"speed":2.45,"deg":7,"gust":2.51},"clouds":{"all":44},"dt":1717950298,"sys":{"country":"UA","sunrise":1717898717,"sunset":1717954172},"timezone":10800,"id":712752,"name":"Sanatoriy Batylyman","cod":200}
]]></system-out>
  </testcase>
  <testcase name="test01" classname="com.simplilearn.RestAssuredAPI.Test_PostMethod" time="0.549">
    <system-out><![CDATA[HTTP/1.1 201 Created
Date: Sun, 09 Jun 2024 16:24:59 GMT
Content-Type: application/json; charset=utf-8
Content-Length: 79
Connection: keep-alive
Report-To: {"group":"heroku-nel","max_age":3600,"endpoints":[{"url":"https://nel.heroku.com/reports?ts=1717950299&sid=c4c9725f-1ab0-44d8-820f-430df2718e11&s=5XCvhlvA%2BZebwx3XNvsGc9fGAR1APAIhn3y3sVw8iGs%3D"}]}
Reporting-Endpoints: heroku-nel=https://nel.heroku.com/reports?ts=1717950299&sid=c4c9725f-1ab0-44d8-820f-430df2718e11&s=5XCvhlvA%2BZebwx3XNvsGc9fGAR1APAIhn3y3sVw8iGs%3D
Nel: {"report_to":"heroku-nel","max_age":3600,"success_fraction":0.005,"failure_fraction":0.05,"response_headers":["Via"]}
X-Powered-By: Express
Access-Control-Allow-Origin: *
Etag: W/"4f-xtMKDnzLSpgals+tGFCE+oFx7yg"
Via: 1.1 vegur
CF-Cache-Status: DYNAMIC
Server: cloudflare
CF-RAY: 891279984a5f3fc6-BOM

{
    "name": "souvik",
    "job": "SSE",
    "id": "553",
    "createdAt": "2024-06-09T16:24:59.190Z"
}
]]></system-out>
  </testcase>
  <testcase name="PutMethod" classname="com.simplilearn.RestAssuredAPI.Test_PutMethod" time="0.602">
    <system-out><![CDATA[HTTP/1.1 200 OK
Date: Sun, 09 Jun 2024 16:24:59 GMT
Content-Type: application/json; charset=utf-8
Transfer-Encoding: chunked
Connection: keep-alive
Report-To: {"group":"heroku-nel","max_age":3600,"endpoints":[{"url":"https://nel.heroku.com/reports?ts=1717950299&sid=c4c9725f-1ab0-44d8-820f-430df2718e11&s=5XCvhlvA%2BZebwx3XNvsGc9fGAR1APAIhn3y3sVw8iGs%3D"}]}
Reporting-Endpoints: heroku-nel=https://nel.heroku.com/reports?ts=1717950299&sid=c4c9725f-1ab0-44d8-820f-430df2718e11&s=5XCvhlvA%2BZebwx3XNvsGc9fGAR1APAIhn3y3sVw8iGs%3D
Nel: {"report_to":"heroku-nel","max_age":3600,"success_fraction":0.005,"failure_fraction":0.05,"response_headers":["Via"]}
X-Powered-By: Express
Access-Control-Allow-Origin: *
Etag: W/"44-EugxKn3qIPx4zzXakh6f919/cys"
Via: 1.1 vegur
CF-Cache-Status: DYNAMIC
Vary: Accept-Encoding
Server: cloudflare
CF-RAY: 8912799c5c703f51-BOM
Content-Encoding: gzip

{
    "name": "souvik",
    "job": "SSE",
    "updatedAt": "2024-06-09T16:24:59.796Z"
}
]]></system-out>
  </testcase>
</testsuite>