<?xml version="1.0" encoding="UTF-8"?>
<!-- Generated by org.testng.reporters.JUnitXMLReporter -->
<testsuite ignored="3" hostname="MSI" failures="0" tests="1" name="Default test" time="4.829" errors="0" timestamp="2024-06-08T23:00:53 IST">
  <testcase classname="com.simplilearn.RestAssuredAPI.JSONArray" name="createUser" time="4.757"/>
  <testcase classname="com.simplilearn.RestAssuredAPI.JSONArray" name="createUsingJSONArray" time="0.0">
    <ignored/>
  </testcase> <!-- createUsingJSONArray -->
  <testcase classname="com.simplilearn.RestAssuredAPI.JSONArray" name="createUser1" time="0.0">
    <ignored/>
  </testcase> <!-- createUser1 -->
  <testcase classname="com.simplilearn.RestAssuredAPI.JSONArray" name="createJSONArrayUsingList" time="0.0">
    <ignored/>
  </testcase> <!-- createJSONArrayUsingList -->
</testsuite> <!-- Default test -->
