<?xml version="1.0" encoding="UTF-8"?>
<testng-results ignored="0" total="1" passed="1" failed="0" skipped="0">
  <reporter-output>
  </reporter-output>
  <suite started-at="2024-10-07T11:26:20 IST" name="Default suite" finished-at="2024-10-07T11:27:06 IST" duration-ms="45071">
    <groups>
    </groups>
    <test started-at="2024-10-07T11:26:20 IST" name="Default test" finished-at="2024-10-07T11:27:06 IST" duration-ms="45071">
      <class name="Oracle.TestCases.Test001">
        <test-method is-config="true" signature="setup()[pri:0, instance:Oracle.TestCases.Test001@19553973]" started-at="2024-10-07T11:26:21 IST" name="setup" finished-at="2024-10-07T11:26:25 IST" duration-ms="4291" status="PASS">
          <reporter-output>
          </reporter-output>
        </test-method> <!-- setup -->
        <test-method signature="testHTR_001()[pri:0, instance:Oracle.TestCases.Test001@19553973]" started-at="2024-10-07T11:26:25 IST" name="testHTR_001" finished-at="2024-10-07T11:27:05 IST" duration-ms="39944" status="PASS">
          <reporter-output>
          </reporter-output>
        </test-method> <!-- testHTR_001 -->
        <test-method is-config="true" signature="tearDown()[pri:0, instance:Oracle.TestCases.Test001@19553973]" started-at="2024-10-07T11:27:05 IST" name="tearDown" finished-at="2024-10-07T11:27:06 IST" duration-ms="784" status="PASS">
          <reporter-output>
          </reporter-output>
        </test-method> <!-- tearDown -->
      </class> <!-- Oracle.TestCases.Test001 -->
    </test> <!-- Default test -->
  </suite> <!-- Default suite -->
</testng-results>
