<?xml version="1.0" encoding="UTF-8"?>
<!-- Generated by org.testng.reporters.JUnitXMLReporter -->
<testsuite ignored="0" hostname="MSI" failures="0" tests="4" name="Test" time="200.11" errors="0" timestamp="2024-10-01T10:38:24 IST">
  <testcase classname="infosys.EricomTestng.AppTest" name="EricomSASETenent" time="50.27"/>
  <testcase classname="infosys.EricomTestng.AppTest" name="infosysBTenent" time="51.368"/>
  <testcase classname="infosys.EricomTestng.AppTest" name="InfosysCTenent" time="49.513"/>
  <testcase classname="infosys.EricomTestng.AppTest" name="IremoteTenent" time="48.801"/>
</testsuite> <!-- Test -->
